----------------------------------------------------------------
2015-05-13 15:17:28.929 GMT:
 Booting Derby version The Apache Software Foundation - Apache Derby - 10.4.2.0 - (689064): instance a816c00e-014d-4dda-130b-000010bfb7a8
on database directory /Users/ritapereira/Documents/workspace/bubbledocs/target/juddi-derby-test-db  

Database Class Loader started - derby.database.classpath=''

------------  BEGIN SHUTDOWN ERROR STACK -------------

ERROR XSLA8: Cannot rollback transaction 3779, trying to compensate null operation with null
	at org.apache.derby.iapi.error.StandardException.newException(Unknown Source)
	at org.apache.derby.impl.store.raw.log.FileLogger.undo(Unknown Source)
	at org.apache.derby.impl.store.raw.xact.Xact.abort(Unknown Source)
	at org.apache.derby.impl.store.access.RAMTransaction.abort(Unknown Source)
	at org.apache.derby.impl.sql.conn.GenericLanguageConnectionContext.doRollback(Unknown Source)
	at org.apache.derby.impl.sql.conn.GenericLanguageConnectionContext.userRollback(Unknown Source)
	at org.apache.derby.impl.jdbc.TransactionResourceImpl.rollback(Unknown Source)
	at org.apache.derby.impl.jdbc.EmbedConnection.rollback(Unknown Source)
	at org.apache.tomcat.dbcp.dbcp.DelegatingConnection.rollback(DelegatingConnection.java:368)
	at org.apache.tomcat.dbcp.dbcp.PoolingDataSource$PoolGuardConnectionWrapper.rollback(PoolingDataSource.java:323)
	at org.apache.openjpa.lib.jdbc.DelegatingConnection.rollback(DelegatingConnection.java:179)
	at org.apache.openjpa.lib.jdbc.LoggingConnectionDecorator$LoggingConnection.rollback(LoggingConnectionDecorator.java:356)
	at org.apache.openjpa.lib.jdbc.DelegatingConnection.rollback(DelegatingConnection.java:179)
	at org.apache.openjpa.lib.jdbc.ConfiguringConnectionDecorator$ConfiguringConnection.rollback(ConfiguringConnectionDecorator.java:132)
	at org.apache.openjpa.lib.jdbc.DelegatingConnection.rollback(DelegatingConnection.java:179)
	at org.apache.openjpa.jdbc.kernel.JDBCStoreManager.rollback(JDBCStoreManager.java:217)
	at org.apache.openjpa.kernel.DelegatingStoreManager.rollback(DelegatingStoreManager.java:99)
	at org.apache.openjpa.kernel.BrokerImpl.endStoreManagerTransaction(BrokerImpl.java:1455)
	at org.apache.openjpa.kernel.BrokerImpl.endTransaction(BrokerImpl.java:2353)
	at org.apache.openjpa.kernel.BrokerImpl.afterCompletion(BrokerImpl.java:2012)
	at org.apache.openjpa.kernel.LocalManagedRuntime.rollback(LocalManagedRuntime.java:124)
	at org.apache.openjpa.kernel.LocalManagedRuntime.commit(LocalManagedRuntime.java:105)
	at org.apache.openjpa.kernel.BrokerImpl.commit(BrokerImpl.java:1516)
	at org.apache.openjpa.kernel.DelegatingBroker.commit(DelegatingBroker.java:933)
	at org.apache.openjpa.persistence.EntityManagerImpl.commit(EntityManagerImpl.java:570)
	at org.apache.juddi.api.impl.UDDIPublicationImpl.deleteBusiness(UDDIPublicationImpl.java:234)
	at sun.reflect.GeneratedMethodAccessor150.invoke(Unknown Source)
	at sun.reflect.DelegatingMethodAccessorImpl.invoke(DelegatingMethodAccessorImpl.java:43)
	at java.lang.reflect.Method.invoke(Method.java:483)
	at org.apache.cxf.service.invoker.AbstractInvoker.performInvocation(AbstractInvoker.java:180)
	at org.apache.cxf.service.invoker.AbstractInvoker.invoke(AbstractInvoker.java:96)
	at org.apache.cxf.jaxws.AbstractJAXWSMethodInvoker.invoke(AbstractJAXWSMethodInvoker.java:178)
	at org.apache.cxf.jaxws.JAXWSMethodInvoker.invoke(JAXWSMethodInvoker.java:68)
	at org.apache.cxf.service.invoker.AbstractInvoker.invoke(AbstractInvoker.java:75)
	at org.apache.cxf.interceptor.ServiceInvokerInterceptor$1.run(ServiceInvokerInterceptor.java:58)
	at java.util.concurrent.Executors$RunnableAdapter.call(Executors.java:511)
	at java.util.concurrent.FutureTask.run(FutureTask.java:266)
	at org.apache.cxf.workqueue.SynchronousExecutor.execute(SynchronousExecutor.java:37)
	at org.apache.cxf.interceptor.ServiceInvokerInterceptor.handleMessage(ServiceInvokerInterceptor.java:107)
	at org.apache.cxf.phase.PhaseInterceptorChain.doIntercept(PhaseInterceptorChain.java:271)
	at org.apache.cxf.transport.ChainInitiationObserver.onMessage(ChainInitiationObserver.java:121)
	at org.apache.cxf.transport.http.AbstractHTTPDestination.invoke(AbstractHTTPDestination.java:239)
	at org.apache.cxf.transport.servlet.ServletController.invokeDestination(ServletController.java:223)
	at org.apache.cxf.transport.servlet.ServletController.invoke(ServletController.java:203)
	at org.apache.cxf.transport.servlet.ServletController.invoke(ServletController.java:137)
	at org.apache.cxf.transport.servlet.CXFNonSpringServlet.invoke(CXFNonSpringServlet.java:158)
	at org.apache.cxf.transport.servlet.AbstractHTTPServlet.handleRequest(AbstractHTTPServlet.java:243)
	at org.apache.cxf.transport.servlet.AbstractHTTPServlet.doPost(AbstractHTTPServlet.java:163)
	at javax.servlet.http.HttpServlet.service(HttpServlet.java:646)
	at org.apache.cxf.transport.servlet.AbstractHTTPServlet.service(AbstractHTTPServlet.java:219)
	at org.apache.catalina.core.ApplicationFilterChain.internalDoFilter(ApplicationFilterChain.java:303)
	at org.apache.catalina.core.ApplicationFilterChain.doFilter(ApplicationFilterChain.java:208)
	at org.apache.tomcat.websocket.server.WsFilter.doFilter(WsFilter.java:52)
	at org.apache.catalina.core.ApplicationFilterChain.internalDoFilter(ApplicationFilterChain.java:241)
	at org.apache.catalina.core.ApplicationFilterChain.doFilter(ApplicationFilterChain.java:208)
	at org.apache.catalina.core.StandardWrapperValve.invoke(StandardWrapperValve.java:220)
	at org.apache.catalina.core.StandardContextValve.invoke(StandardContextValve.java:122)
	at org.apache.catalina.authenticator.AuthenticatorBase.invoke(AuthenticatorBase.java:503)
	at org.apache.catalina.core.StandardHostValve.invoke(StandardHostValve.java:170)
	at org.apache.catalina.valves.ErrorReportValve.invoke(ErrorReportValve.java:103)
	at org.apache.catalina.valves.AccessLogValve.invoke(AccessLogValve.java:950)
	at org.apache.catalina.core.StandardEngineValve.invoke(StandardEngineValve.java:116)
	at org.apache.catalina.connector.CoyoteAdapter.service(CoyoteAdapter.java:421)
	at org.apache.coyote.http11.AbstractHttp11Processor.process(AbstractHttp11Processor.java:1070)
	at org.apache.coyote.AbstractProtocol$AbstractConnectionHandler.process(AbstractProtocol.java:611)
	at org.apache.tomcat.util.net.JIoEndpoint$SocketProcessor.run(JIoEndpoint.java:316)
	at java.util.concurrent.ThreadPoolExecutor.runWorker(ThreadPoolExecutor.java:1142)
	at java.util.concurrent.ThreadPoolExecutor$Worker.run(ThreadPoolExecutor.java:617)
	at org.apache.tomcat.util.threads.TaskThread$WrappingRunnable.run(TaskThread.java:61)
	at java.lang.Thread.run(Thread.java:745)
Caused by: ERROR XSLAQ: cannot create log file at directory /Users/ritapereira/Documents/workspace/bubbledocs/target/juddi-derby-test-db/log.
	at org.apache.derby.iapi.error.StandardException.newException(Unknown Source)
	at org.apache.derby.impl.store.raw.log.LogToFile.getLogDirectory(Unknown Source)
	at org.apache.derby.impl.store.raw.log.LogToFile.getLogFileName(Unknown Source)
	at org.apache.derby.impl.store.raw.log.LogToFile.getLogFileAtPosition(Unknown Source)
	at org.apache.derby.impl.store.raw.log.Scan.<init>(Unknown Source)
	at org.apache.derby.impl.store.raw.log.LogToFile.openBackwardsScan(Unknown Source)
	... 69 more
============= begin nested exception, level (1) ===========
ERROR XSLAQ: cannot create log file at directory /Users/ritapereira/Documents/workspace/bubbledocs/target/juddi-derby-test-db/log.
	at org.apache.derby.iapi.error.StandardException.newException(Unknown Source)
	at org.apache.derby.impl.store.raw.log.LogToFile.getLogDirectory(Unknown Source)
	at org.apache.derby.impl.store.raw.log.LogToFile.getLogFileName(Unknown Source)
	at org.apache.derby.impl.store.raw.log.LogToFile.getLogFileAtPosition(Unknown Source)
	at org.apache.derby.impl.store.raw.log.Scan.<init>(Unknown Source)
	at org.apache.derby.impl.store.raw.log.LogToFile.openBackwardsScan(Unknown Source)
	at org.apache.derby.impl.store.raw.log.FileLogger.undo(Unknown Source)
	at org.apache.derby.impl.store.raw.xact.Xact.abort(Unknown Source)
	at org.apache.derby.impl.store.access.RAMTransaction.abort(Unknown Source)
	at org.apache.derby.impl.sql.conn.GenericLanguageConnectionContext.doRollback(Unknown Source)
	at org.apache.derby.impl.sql.conn.GenericLanguageConnectionContext.userRollback(Unknown Source)
	at org.apache.derby.impl.jdbc.TransactionResourceImpl.rollback(Unknown Source)
	at org.apache.derby.impl.jdbc.EmbedConnection.rollback(Unknown Source)
	at org.apache.tomcat.dbcp.dbcp.DelegatingConnection.rollback(DelegatingConnection.java:368)
	at org.apache.tomcat.dbcp.dbcp.PoolingDataSource$PoolGuardConnectionWrapper.rollback(PoolingDataSource.java:323)
	at org.apache.openjpa.lib.jdbc.DelegatingConnection.rollback(DelegatingConnection.java:179)
	at org.apache.openjpa.lib.jdbc.LoggingConnectionDecorator$LoggingConnection.rollback(LoggingConnectionDecorator.java:356)
	at org.apache.openjpa.lib.jdbc.DelegatingConnection.rollback(DelegatingConnection.java:179)
	at org.apache.openjpa.lib.jdbc.ConfiguringConnectionDecorator$ConfiguringConnection.rollback(ConfiguringConnectionDecorator.java:132)
	at org.apache.openjpa.lib.jdbc.DelegatingConnection.rollback(DelegatingConnection.java:179)
	at org.apache.openjpa.jdbc.kernel.JDBCStoreManager.rollback(JDBCStoreManager.java:217)
	at org.apache.openjpa.kernel.DelegatingStoreManager.rollback(DelegatingStoreManager.java:99)
	at org.apache.openjpa.kernel.BrokerImpl.endStoreManagerTransaction(BrokerImpl.java:1455)
	at org.apache.openjpa.kernel.BrokerImpl.endTransaction(BrokerImpl.java:2353)
	at org.apache.openjpa.kernel.BrokerImpl.afterCompletion(BrokerImpl.java:2012)
	at org.apache.openjpa.kernel.LocalManagedRuntime.rollback(LocalManagedRuntime.java:124)
	at org.apache.openjpa.kernel.LocalManagedRuntime.commit(LocalManagedRuntime.java:105)
	at org.apache.openjpa.kernel.BrokerImpl.commit(BrokerImpl.java:1516)
	at org.apache.openjpa.kernel.DelegatingBroker.commit(DelegatingBroker.java:933)
	at org.apache.openjpa.persistence.EntityManagerImpl.commit(EntityManagerImpl.java:570)
	at org.apache.juddi.api.impl.UDDIPublicationImpl.deleteBusiness(UDDIPublicationImpl.java:234)
	at sun.reflect.GeneratedMethodAccessor150.invoke(Unknown Source)
	at sun.reflect.DelegatingMethodAccessorImpl.invoke(DelegatingMethodAccessorImpl.java:43)
	at java.lang.reflect.Method.invoke(Method.java:483)
	at org.apache.cxf.service.invoker.AbstractInvoker.performInvocation(AbstractInvoker.java:180)
	at org.apache.cxf.service.invoker.AbstractInvoker.invoke(AbstractInvoker.java:96)
	at org.apache.cxf.jaxws.AbstractJAXWSMethodInvoker.invoke(AbstractJAXWSMethodInvoker.java:178)
	at org.apache.cxf.jaxws.JAXWSMethodInvoker.invoke(JAXWSMethodInvoker.java:68)
	at org.apache.cxf.service.invoker.AbstractInvoker.invoke(AbstractInvoker.java:75)
	at org.apache.cxf.interceptor.ServiceInvokerInterceptor$1.run(ServiceInvokerInterceptor.java:58)
	at java.util.concurrent.Executors$RunnableAdapter.call(Executors.java:511)
	at java.util.concurrent.FutureTask.run(FutureTask.java:266)
	at org.apache.cxf.workqueue.SynchronousExecutor.execute(SynchronousExecutor.java:37)
	at org.apache.cxf.interceptor.ServiceInvokerInterceptor.handleMessage(ServiceInvokerInterceptor.java:107)
	at org.apache.cxf.phase.PhaseInterceptorChain.doIntercept(PhaseInterceptorChain.java:271)
	at org.apache.cxf.transport.ChainInitiationObserver.onMessage(ChainInitiationObserver.java:121)
	at org.apache.cxf.transport.http.AbstractHTTPDestination.invoke(AbstractHTTPDestination.java:239)
	at org.apache.cxf.transport.servlet.ServletController.invokeDestination(ServletController.java:223)
	at org.apache.cxf.transport.servlet.ServletController.invoke(ServletController.java:203)
	at org.apache.cxf.transport.servlet.ServletController.invoke(ServletController.java:137)
	at org.apache.cxf.transport.servlet.CXFNonSpringServlet.invoke(CXFNonSpringServlet.java:158)
	at org.apache.cxf.transport.servlet.AbstractHTTPServlet.handleRequest(AbstractHTTPServlet.java:243)
	at org.apache.cxf.transport.servlet.AbstractHTTPServlet.doPost(AbstractHTTPServlet.java:163)
	at javax.servlet.http.HttpServlet.service(HttpServlet.java:646)
	at org.apache.cxf.transport.servlet.AbstractHTTPServlet.service(AbstractHTTPServlet.java:219)
	at org.apache.catalina.core.ApplicationFilterChain.internalDoFilter(ApplicationFilterChain.java:303)
	at org.apache.catalina.core.ApplicationFilterChain.doFilter(ApplicationFilterChain.java:208)
	at org.apache.tomcat.websocket.server.WsFilter.doFilter(WsFilter.java:52)
	at org.apache.catalina.core.ApplicationFilterChain.internalDoFilter(ApplicationFilterChain.java:241)
	at org.apache.catalina.core.ApplicationFilterChain.doFilter(ApplicationFilterChain.java:208)
	at org.apache.catalina.core.StandardWrapperValve.invoke(StandardWrapperValve.java:220)
	at org.apache.catalina.core.StandardContextValve.invoke(StandardContextValve.java:122)
	at org.apache.catalina.authenticator.AuthenticatorBase.invoke(AuthenticatorBase.java:503)
	at org.apache.catalina.core.StandardHostValve.invoke(StandardHostValve.java:170)
	at org.apache.catalina.valves.ErrorReportValve.invoke(ErrorReportValve.java:103)
	at org.apache.catalina.valves.AccessLogValve.invoke(AccessLogValve.java:950)
	at org.apache.catalina.core.StandardEngineValve.invoke(StandardEngineValve.java:116)
	at org.apache.catalina.connector.CoyoteAdapter.service(CoyoteAdapter.java:421)
	at org.apache.coyote.http11.AbstractHttp11Processor.process(AbstractHttp11Processor.java:1070)
	at org.apache.coyote.AbstractProtocol$AbstractConnectionHandler.process(AbstractProtocol.java:611)
	at org.apache.tomcat.util.net.JIoEndpoint$SocketProcessor.run(JIoEndpoint.java:316)
	at java.util.concurrent.ThreadPoolExecutor.runWorker(ThreadPoolExecutor.java:1142)
	at java.util.concurrent.ThreadPoolExecutor$Worker.run(ThreadPoolExecutor.java:617)
	at org.apache.tomcat.util.threads.TaskThread$WrappingRunnable.run(TaskThread.java:61)
	at java.lang.Thread.run(Thread.java:745)
============= end nested exception, level (1) ===========


------------  END SHUTDOWN ERROR STACK -------------

2015-05-13 15:52:00.304 GMT Thread[http-bio-8081-exec-6,5,main] (XID = 3779), (SESSIONID = 1), (DATABASE = target/juddi-derby-test-db), (DRDAID = null), Cleanup action starting
2015-05-13 15:52:00.304 GMT Thread[http-bio-8081-exec-6,5,main] (XID = 3779), (SESSIONID = 1), (DATABASE = target/juddi-derby-test-db), (DRDAID = null), Failed Statement is: null with 1 parameters begin parameter #1: uddi:juddi.apache.org:2302867a-ebcc-4d9d-b48c-c39d9eac50db :end parameter 
ERROR XSTB0: An exception was thrown during transaction abort.
	at org.apache.derby.iapi.error.StandardException.newException(Unknown Source)
	at org.apache.derby.impl.store.raw.xact.Xact.abort(Unknown Source)
	at org.apache.derby.impl.store.access.RAMTransaction.abort(Unknown Source)
	at org.apache.derby.impl.sql.conn.GenericLanguageConnectionContext.doRollback(Unknown Source)
	at org.apache.derby.impl.sql.conn.GenericLanguageConnectionContext.userRollback(Unknown Source)
	at org.apache.derby.impl.jdbc.TransactionResourceImpl.rollback(Unknown Source)
	at org.apache.derby.impl.jdbc.EmbedConnection.rollback(Unknown Source)
	at org.apache.tomcat.dbcp.dbcp.DelegatingConnection.rollback(DelegatingConnection.java:368)
	at org.apache.tomcat.dbcp.dbcp.PoolingDataSource$PoolGuardConnectionWrapper.rollback(PoolingDataSource.java:323)
	at org.apache.openjpa.lib.jdbc.DelegatingConnection.rollback(DelegatingConnection.java:179)
	at org.apache.openjpa.lib.jdbc.LoggingConnectionDecorator$LoggingConnection.rollback(LoggingConnectionDecorator.java:356)
	at org.apache.openjpa.lib.jdbc.DelegatingConnection.rollback(DelegatingConnection.java:179)
	at org.apache.openjpa.lib.jdbc.ConfiguringConnectionDecorator$ConfiguringConnection.rollback(ConfiguringConnectionDecorator.java:132)
	at org.apache.openjpa.lib.jdbc.DelegatingConnection.rollback(DelegatingConnection.java:179)
	at org.apache.openjpa.jdbc.kernel.JDBCStoreManager.rollback(JDBCStoreManager.java:217)
	at org.apache.openjpa.kernel.DelegatingStoreManager.rollback(DelegatingStoreManager.java:99)
	at org.apache.openjpa.kernel.BrokerImpl.endStoreManagerTransaction(BrokerImpl.java:1455)
	at org.apache.openjpa.kernel.BrokerImpl.endTransaction(BrokerImpl.java:2353)
	at org.apache.openjpa.kernel.BrokerImpl.afterCompletion(BrokerImpl.java:2012)
	at org.apache.openjpa.kernel.LocalManagedRuntime.rollback(LocalManagedRuntime.java:124)
	at org.apache.openjpa.kernel.LocalManagedRuntime.commit(LocalManagedRuntime.java:105)
	at org.apache.openjpa.kernel.BrokerImpl.commit(BrokerImpl.java:1516)
	at org.apache.openjpa.kernel.DelegatingBroker.commit(DelegatingBroker.java:933)
	at org.apache.openjpa.persistence.EntityManagerImpl.commit(EntityManagerImpl.java:570)
	at org.apache.juddi.api.impl.UDDIPublicationImpl.deleteBusiness(UDDIPublicationImpl.java:234)
	at sun.reflect.GeneratedMethodAccessor150.invoke(Unknown Source)
	at sun.reflect.DelegatingMethodAccessorImpl.invoke(DelegatingMethodAccessorImpl.java:43)
	at java.lang.reflect.Method.invoke(Method.java:483)
	at org.apache.cxf.service.invoker.AbstractInvoker.performInvocation(AbstractInvoker.java:180)
	at org.apache.cxf.service.invoker.AbstractInvoker.invoke(AbstractInvoker.java:96)
	at org.apache.cxf.jaxws.AbstractJAXWSMethodInvoker.invoke(AbstractJAXWSMethodInvoker.java:178)
	at org.apache.cxf.jaxws.JAXWSMethodInvoker.invoke(JAXWSMethodInvoker.java:68)
	at org.apache.cxf.service.invoker.AbstractInvoker.invoke(AbstractInvoker.java:75)
	at org.apache.cxf.interceptor.ServiceInvokerInterceptor$1.run(ServiceInvokerInterceptor.java:58)
	at java.util.concurrent.Executors$RunnableAdapter.call(Executors.java:511)
	at java.util.concurrent.FutureTask.run(FutureTask.java:266)
	at org.apache.cxf.workqueue.SynchronousExecutor.execute(SynchronousExecutor.java:37)
	at org.apache.cxf.interceptor.ServiceInvokerInterceptor.handleMessage(ServiceInvokerInterceptor.java:107)
	at org.apache.cxf.phase.PhaseInterceptorChain.doIntercept(PhaseInterceptorChain.java:271)
	at org.apache.cxf.transport.ChainInitiationObserver.onMessage(ChainInitiationObserver.java:121)
	at org.apache.cxf.transport.http.AbstractHTTPDestination.invoke(AbstractHTTPDestination.java:239)
	at org.apache.cxf.transport.servlet.ServletController.invokeDestination(ServletController.java:223)
	at org.apache.cxf.transport.servlet.ServletController.invoke(ServletController.java:203)
	at org.apache.cxf.transport.servlet.ServletController.invoke(ServletController.java:137)
	at org.apache.cxf.transport.servlet.CXFNonSpringServlet.invoke(CXFNonSpringServlet.java:158)
	at org.apache.cxf.transport.servlet.AbstractHTTPServlet.handleRequest(AbstractHTTPServlet.java:243)
	at org.apache.cxf.transport.servlet.AbstractHTTPServlet.doPost(AbstractHTTPServlet.java:163)
	at javax.servlet.http.HttpServlet.service(HttpServlet.java:646)
	at org.apache.cxf.transport.servlet.AbstractHTTPServlet.service(AbstractHTTPServlet.java:219)
	at org.apache.catalina.core.ApplicationFilterChain.internalDoFilter(ApplicationFilterChain.java:303)
	at org.apache.catalina.core.ApplicationFilterChain.doFilter(ApplicationFilterChain.java:208)
	at org.apache.tomcat.websocket.server.WsFilter.doFilter(WsFilter.java:52)
	at org.apache.catalina.core.ApplicationFilterChain.internalDoFilter(ApplicationFilterChain.java:241)
	at org.apache.catalina.core.ApplicationFilterChain.doFilter(ApplicationFilterChain.java:208)
	at org.apache.catalina.core.StandardWrapperValve.invoke(StandardWrapperValve.java:220)
	at org.apache.catalina.core.StandardContextValve.invoke(StandardContextValve.java:122)
	at org.apache.catalina.authenticator.AuthenticatorBase.invoke(AuthenticatorBase.java:503)
	at org.apache.catalina.core.StandardHostValve.invoke(StandardHostValve.java:170)
	at org.apache.catalina.valves.ErrorReportValve.invoke(ErrorReportValve.java:103)
	at org.apache.catalina.valves.AccessLogValve.invoke(AccessLogValve.java:950)
	at org.apache.catalina.core.StandardEngineValve.invoke(StandardEngineValve.java:116)
	at org.apache.catalina.connector.CoyoteAdapter.service(CoyoteAdapter.java:421)
	at org.apache.coyote.http11.AbstractHttp11Processor.process(AbstractHttp11Processor.java:1070)
	at org.apache.coyote.AbstractProtocol$AbstractConnectionHandler.process(AbstractProtocol.java:611)
	at org.apache.tomcat.util.net.JIoEndpoint$SocketProcessor.run(JIoEndpoint.java:316)
	at java.util.concurrent.ThreadPoolExecutor.runWorker(ThreadPoolExecutor.java:1142)
	at java.util.concurrent.ThreadPoolExecutor$Worker.run(ThreadPoolExecutor.java:617)
	at org.apache.tomcat.util.threads.TaskThread$WrappingRunnable.run(TaskThread.java:61)
	at java.lang.Thread.run(Thread.java:745)
Caused by: ERROR XSLA8: Cannot rollback transaction 3779, trying to compensate null operation with null
	at org.apache.derby.iapi.error.StandardException.newException(Unknown Source)
	at org.apache.derby.impl.store.raw.log.FileLogger.undo(Unknown Source)
	... 68 more
Caused by: ERROR XSLAQ: cannot create log file at directory /Users/ritapereira/Documents/workspace/bubbledocs/target/juddi-derby-test-db/log.
	at org.apache.derby.iapi.error.StandardException.newException(Unknown Source)
	at org.apache.derby.impl.store.raw.log.LogToFile.getLogDirectory(Unknown Source)
	at org.apache.derby.impl.store.raw.log.LogToFile.getLogFileName(Unknown Source)
	at org.apache.derby.impl.store.raw.log.LogToFile.getLogFileAtPosition(Unknown Source)
	at org.apache.derby.impl.store.raw.log.Scan.<init>(Unknown Source)
	at org.apache.derby.impl.store.raw.log.LogToFile.openBackwardsScan(Unknown Source)
	... 69 more
============= begin nested exception, level (1) ===========
ERROR XSLA8: Cannot rollback transaction 3779, trying to compensate null operation with null
	at org.apache.derby.iapi.error.StandardException.newException(Unknown Source)
	at org.apache.derby.impl.store.raw.log.FileLogger.undo(Unknown Source)
	at org.apache.derby.impl.store.raw.xact.Xact.abort(Unknown Source)
	at org.apache.derby.impl.store.access.RAMTransaction.abort(Unknown Source)
	at org.apache.derby.impl.sql.conn.GenericLanguageConnectionContext.doRollback(Unknown Source)
	at org.apache.derby.impl.sql.conn.GenericLanguageConnectionContext.userRollback(Unknown Source)
	at org.apache.derby.impl.jdbc.TransactionResourceImpl.rollback(Unknown Source)
	at org.apache.derby.impl.jdbc.EmbedConnection.rollback(Unknown Source)
	at org.apache.tomcat.dbcp.dbcp.DelegatingConnection.rollback(DelegatingConnection.java:368)
	at org.apache.tomcat.dbcp.dbcp.PoolingDataSource$PoolGuardConnectionWrapper.rollback(PoolingDataSource.java:323)
	at org.apache.openjpa.lib.jdbc.DelegatingConnection.rollback(DelegatingConnection.java:179)
	at org.apache.openjpa.lib.jdbc.LoggingConnectionDecorator$LoggingConnection.rollback(LoggingConnectionDecorator.java:356)
	at org.apache.openjpa.lib.jdbc.DelegatingConnection.rollback(DelegatingConnection.java:179)
	at org.apache.openjpa.lib.jdbc.ConfiguringConnectionDecorator$ConfiguringConnection.rollback(ConfiguringConnectionDecorator.java:132)
	at org.apache.openjpa.lib.jdbc.DelegatingConnection.rollback(DelegatingConnection.java:179)
	at org.apache.openjpa.jdbc.kernel.JDBCStoreManager.rollback(JDBCStoreManager.java:217)
	at org.apache.openjpa.kernel.DelegatingStoreManager.rollback(DelegatingStoreManager.java:99)
	at org.apache.openjpa.kernel.BrokerImpl.endStoreManagerTransaction(BrokerImpl.java:1455)
	at org.apache.openjpa.kernel.BrokerImpl.endTransaction(BrokerImpl.java:2353)
	at org.apache.openjpa.kernel.BrokerImpl.afterCompletion(BrokerImpl.java:2012)
	at org.apache.openjpa.kernel.LocalManagedRuntime.rollback(LocalManagedRuntime.java:124)
	at org.apache.openjpa.kernel.LocalManagedRuntime.commit(LocalManagedRuntime.java:105)
	at org.apache.openjpa.kernel.BrokerImpl.commit(BrokerImpl.java:1516)
	at org.apache.openjpa.kernel.DelegatingBroker.commit(DelegatingBroker.java:933)
	at org.apache.openjpa.persistence.EntityManagerImpl.commit(EntityManagerImpl.java:570)
	at org.apache.juddi.api.impl.UDDIPublicationImpl.deleteBusiness(UDDIPublicationImpl.java:234)
	at sun.reflect.GeneratedMethodAccessor150.invoke(Unknown Source)
	at sun.reflect.DelegatingMethodAccessorImpl.invoke(DelegatingMethodAccessorImpl.java:43)
	at java.lang.reflect.Method.invoke(Method.java:483)
	at org.apache.cxf.service.invoker.AbstractInvoker.performInvocation(AbstractInvoker.java:180)
	at org.apache.cxf.service.invoker.AbstractInvoker.invoke(AbstractInvoker.java:96)
	at org.apache.cxf.jaxws.AbstractJAXWSMethodInvoker.invoke(AbstractJAXWSMethodInvoker.java:178)
	at org.apache.cxf.jaxws.JAXWSMethodInvoker.invoke(JAXWSMethodInvoker.java:68)
	at org.apache.cxf.service.invoker.AbstractInvoker.invoke(AbstractInvoker.java:75)
	at org.apache.cxf.interceptor.ServiceInvokerInterceptor$1.run(ServiceInvokerInterceptor.java:58)
	at java.util.concurrent.Executors$RunnableAdapter.call(Executors.java:511)
	at java.util.concurrent.FutureTask.run(FutureTask.java:266)
	at org.apache.cxf.workqueue.SynchronousExecutor.execute(SynchronousExecutor.java:37)
	at org.apache.cxf.interceptor.ServiceInvokerInterceptor.handleMessage(ServiceInvokerInterceptor.java:107)
	at org.apache.cxf.phase.PhaseInterceptorChain.doIntercept(PhaseInterceptorChain.java:271)
	at org.apache.cxf.transport.ChainInitiationObserver.onMessage(ChainInitiationObserver.java:121)
	at org.apache.cxf.transport.http.AbstractHTTPDestination.invoke(AbstractHTTPDestination.java:239)
	at org.apache.cxf.transport.servlet.ServletController.invokeDestination(ServletController.java:223)
	at org.apache.cxf.transport.servlet.ServletController.invoke(ServletController.java:203)
	at org.apache.cxf.transport.servlet.ServletController.invoke(ServletController.java:137)
	at org.apache.cxf.transport.servlet.CXFNonSpringServlet.invoke(CXFNonSpringServlet.java:158)
	at org.apache.cxf.transport.servlet.AbstractHTTPServlet.handleRequest(AbstractHTTPServlet.java:243)
	at org.apache.cxf.transport.servlet.AbstractHTTPServlet.doPost(AbstractHTTPServlet.java:163)
	at javax.servlet.http.HttpServlet.service(HttpServlet.java:646)
	at org.apache.cxf.transport.servlet.AbstractHTTPServlet.service(AbstractHTTPServlet.java:219)
	at org.apache.catalina.core.ApplicationFilterChain.internalDoFilter(ApplicationFilterChain.java:303)
	at org.apache.catalina.core.ApplicationFilterChain.doFilter(ApplicationFilterChain.java:208)
	at org.apache.tomcat.websocket.server.WsFilter.doFilter(WsFilter.java:52)
	at org.apache.catalina.core.ApplicationFilterChain.internalDoFilter(ApplicationFilterChain.java:241)
	at org.apache.catalina.core.ApplicationFilterChain.doFilter(ApplicationFilterChain.java:208)
	at org.apache.catalina.core.StandardWrapperValve.invoke(StandardWrapperValve.java:220)
	at org.apache.catalina.core.StandardContextValve.invoke(StandardContextValve.java:122)
	at org.apache.catalina.authenticator.AuthenticatorBase.invoke(AuthenticatorBase.java:503)
	at org.apache.catalina.core.StandardHostValve.invoke(StandardHostValve.java:170)
	at org.apache.catalina.valves.ErrorReportValve.invoke(ErrorReportValve.java:103)
	at org.apache.catalina.valves.AccessLogValve.invoke(AccessLogValve.java:950)
	at org.apache.catalina.core.StandardEngineValve.invoke(StandardEngineValve.java:116)
	at org.apache.catalina.connector.CoyoteAdapter.service(CoyoteAdapter.java:421)
	at org.apache.coyote.http11.AbstractHttp11Processor.process(AbstractHttp11Processor.java:1070)
	at org.apache.coyote.AbstractProtocol$AbstractConnectionHandler.process(AbstractProtocol.java:611)
	at org.apache.tomcat.util.net.JIoEndpoint$SocketProcessor.run(JIoEndpoint.java:316)
	at java.util.concurrent.ThreadPoolExecutor.runWorker(ThreadPoolExecutor.java:1142)
	at java.util.concurrent.ThreadPoolExecutor$Worker.run(ThreadPoolExecutor.java:617)
	at org.apache.tomcat.util.threads.TaskThread$WrappingRunnable.run(TaskThread.java:61)
	at java.lang.Thread.run(Thread.java:745)
Caused by: ERROR XSLAQ: cannot create log file at directory /Users/ritapereira/Documents/workspace/bubbledocs/target/juddi-derby-test-db/log.
	at org.apache.derby.iapi.error.StandardException.newException(Unknown Source)
	at org.apache.derby.impl.store.raw.log.LogToFile.getLogDirectory(Unknown Source)
	at org.apache.derby.impl.store.raw.log.LogToFile.getLogFileName(Unknown Source)
	at org.apache.derby.impl.store.raw.log.LogToFile.getLogFileAtPosition(Unknown Source)
	at org.apache.derby.impl.store.raw.log.Scan.<init>(Unknown Source)
	at org.apache.derby.impl.store.raw.log.LogToFile.openBackwardsScan(Unknown Source)
	... 69 more
============= end nested exception, level (1) ===========
============= begin nested exception, level (2) ===========
ERROR XSLAQ: cannot create log file at directory /Users/ritapereira/Documents/workspace/bubbledocs/target/juddi-derby-test-db/log.
	at org.apache.derby.iapi.error.StandardException.newException(Unknown Source)
	at org.apache.derby.impl.store.raw.log.LogToFile.getLogDirectory(Unknown Source)
	at org.apache.derby.impl.store.raw.log.LogToFile.getLogFileName(Unknown Source)
	at org.apache.derby.impl.store.raw.log.LogToFile.getLogFileAtPosition(Unknown Source)
	at org.apache.derby.impl.store.raw.log.Scan.<init>(Unknown Source)
	at org.apache.derby.impl.store.raw.log.LogToFile.openBackwardsScan(Unknown Source)
	at org.apache.derby.impl.store.raw.log.FileLogger.undo(Unknown Source)
	at org.apache.derby.impl.store.raw.xact.Xact.abort(Unknown Source)
	at org.apache.derby.impl.store.access.RAMTransaction.abort(Unknown Source)
	at org.apache.derby.impl.sql.conn.GenericLanguageConnectionContext.doRollback(Unknown Source)
	at org.apache.derby.impl.sql.conn.GenericLanguageConnectionContext.userRollback(Unknown Source)
	at org.apache.derby.impl.jdbc.TransactionResourceImpl.rollback(Unknown Source)
	at org.apache.derby.impl.jdbc.EmbedConnection.rollback(Unknown Source)
	at org.apache.tomcat.dbcp.dbcp.DelegatingConnection.rollback(DelegatingConnection.java:368)
	at org.apache.tomcat.dbcp.dbcp.PoolingDataSource$PoolGuardConnectionWrapper.rollback(PoolingDataSource.java:323)
	at org.apache.openjpa.lib.jdbc.DelegatingConnection.rollback(DelegatingConnection.java:179)
	at org.apache.openjpa.lib.jdbc.LoggingConnectionDecorator$LoggingConnection.rollback(LoggingConnectionDecorator.java:356)
	at org.apache.openjpa.lib.jdbc.DelegatingConnection.rollback(DelegatingConnection.java:179)
	at org.apache.openjpa.lib.jdbc.ConfiguringConnectionDecorator$ConfiguringConnection.rollback(ConfiguringConnectionDecorator.java:132)
	at org.apache.openjpa.lib.jdbc.DelegatingConnection.rollback(DelegatingConnection.java:179)
	at org.apache.openjpa.jdbc.kernel.JDBCStoreManager.rollback(JDBCStoreManager.java:217)
	at org.apache.openjpa.kernel.DelegatingStoreManager.rollback(DelegatingStoreManager.java:99)
	at org.apache.openjpa.kernel.BrokerImpl.endStoreManagerTransaction(BrokerImpl.java:1455)
	at org.apache.openjpa.kernel.BrokerImpl.endTransaction(BrokerImpl.java:2353)
	at org.apache.openjpa.kernel.BrokerImpl.afterCompletion(BrokerImpl.java:2012)
	at org.apache.openjpa.kernel.LocalManagedRuntime.rollback(LocalManagedRuntime.java:124)
	at org.apache.openjpa.kernel.LocalManagedRuntime.commit(LocalManagedRuntime.java:105)
	at org.apache.openjpa.kernel.BrokerImpl.commit(BrokerImpl.java:1516)
	at org.apache.openjpa.kernel.DelegatingBroker.commit(DelegatingBroker.java:933)
	at org.apache.openjpa.persistence.EntityManagerImpl.commit(EntityManagerImpl.java:570)
	at org.apache.juddi.api.impl.UDDIPublicationImpl.deleteBusiness(UDDIPublicationImpl.java:234)
	at sun.reflect.GeneratedMethodAccessor150.invoke(Unknown Source)
	at sun.reflect.DelegatingMethodAccessorImpl.invoke(DelegatingMethodAccessorImpl.java:43)
	at java.lang.reflect.Method.invoke(Method.java:483)
	at org.apache.cxf.service.invoker.AbstractInvoker.performInvocation(AbstractInvoker.java:180)
	at org.apache.cxf.service.invoker.AbstractInvoker.invoke(AbstractInvoker.java:96)
	at org.apache.cxf.jaxws.AbstractJAXWSMethodInvoker.invoke(AbstractJAXWSMethodInvoker.java:178)
	at org.apache.cxf.jaxws.JAXWSMethodInvoker.invoke(JAXWSMethodInvoker.java:68)
	at org.apache.cxf.service.invoker.AbstractInvoker.invoke(AbstractInvoker.java:75)
	at org.apache.cxf.interceptor.ServiceInvokerInterceptor$1.run(ServiceInvokerInterceptor.java:58)
	at java.util.concurrent.Executors$RunnableAdapter.call(Executors.java:511)
	at java.util.concurrent.FutureTask.run(FutureTask.java:266)
	at org.apache.cxf.workqueue.SynchronousExecutor.execute(SynchronousExecutor.java:37)
	at org.apache.cxf.interceptor.ServiceInvokerInterceptor.handleMessage(ServiceInvokerInterceptor.java:107)
	at org.apache.cxf.phase.PhaseInterceptorChain.doIntercept(PhaseInterceptorChain.java:271)
	at org.apache.cxf.transport.ChainInitiationObserver.onMessage(ChainInitiationObserver.java:121)
	at org.apache.cxf.transport.http.AbstractHTTPDestination.invoke(AbstractHTTPDestination.java:239)
	at org.apache.cxf.transport.servlet.ServletController.invokeDestination(ServletController.java:223)
	at org.apache.cxf.transport.servlet.ServletController.invoke(ServletController.java:203)
	at org.apache.cxf.transport.servlet.ServletController.invoke(ServletController.java:137)
	at org.apache.cxf.transport.servlet.CXFNonSpringServlet.invoke(CXFNonSpringServlet.java:158)
	at org.apache.cxf.transport.servlet.AbstractHTTPServlet.handleRequest(AbstractHTTPServlet.java:243)
	at org.apache.cxf.transport.servlet.AbstractHTTPServlet.doPost(AbstractHTTPServlet.java:163)
	at javax.servlet.http.HttpServlet.service(HttpServlet.java:646)
	at org.apache.cxf.transport.servlet.AbstractHTTPServlet.service(AbstractHTTPServlet.java:219)
	at org.apache.catalina.core.ApplicationFilterChain.internalDoFilter(ApplicationFilterChain.java:303)
	at org.apache.catalina.core.ApplicationFilterChain.doFilter(ApplicationFilterChain.java:208)
	at org.apache.tomcat.websocket.server.WsFilter.doFilter(WsFilter.java:52)
	at org.apache.catalina.core.ApplicationFilterChain.internalDoFilter(ApplicationFilterChain.java:241)
	at org.apache.catalina.core.ApplicationFilterChain.doFilter(ApplicationFilterChain.java:208)
	at org.apache.catalina.core.StandardWrapperValve.invoke(StandardWrapperValve.java:220)
	at org.apache.catalina.core.StandardContextValve.invoke(StandardContextValve.java:122)
	at org.apache.catalina.authenticator.AuthenticatorBase.invoke(AuthenticatorBase.java:503)
	at org.apache.catalina.core.StandardHostValve.invoke(StandardHostValve.java:170)
	at org.apache.catalina.valves.ErrorReportValve.invoke(ErrorReportValve.java:103)
	at org.apache.catalina.valves.AccessLogValve.invoke(AccessLogValve.java:950)
	at org.apache.catalina.core.StandardEngineValve.invoke(StandardEngineValve.java:116)
	at org.apache.catalina.connector.CoyoteAdapter.service(CoyoteAdapter.java:421)
	at org.apache.coyote.http11.AbstractHttp11Processor.process(AbstractHttp11Processor.java:1070)
	at org.apache.coyote.AbstractProtocol$AbstractConnectionHandler.process(AbstractProtocol.java:611)
	at org.apache.tomcat.util.net.JIoEndpoint$SocketProcessor.run(JIoEndpoint.java:316)
	at java.util.concurrent.ThreadPoolExecutor.runWorker(ThreadPoolExecutor.java:1142)
	at java.util.concurrent.ThreadPoolExecutor$Worker.run(ThreadPoolExecutor.java:617)
	at org.apache.tomcat.util.threads.TaskThread$WrappingRunnable.run(TaskThread.java:61)
	at java.lang.Thread.run(Thread.java:745)
============= end nested exception, level (2) ===========
2015-05-13 15:52:00.343 GMT Thread[http-bio-8081-exec-6,5,main] Shutting down due to severe error.An exception was thrown during transaction abort.

2015-05-13 15:52:00.360 GMT:
Shutting down instance a816c00e-014d-4dda-130b-000010bfb7a8
----------------------------------------------------------------
